<?xml version="1.0" encoding="utf-8"?><testsuites><testsuite name="pytest" errors="0" failures="1" skipped="0" tests="3" time="30.545" timestamp="2024-04-28T16:03:16.542680" hostname="DESKTOP-5P2G6DK"><testcase classname="test_e2e.TestOne" name="test_e2e" time="16.089"><failure message="AssertionError: assert 'Success! Thanks you!' in '×\nSuccess! Thank you! Your order will be delivered in next few weeks :-).'">self = &lt;tests.test_e2e.TestOne object at 0x00000257A902F950&gt;

    def test_e2e(self):
        log = self.getLogger()
        homePage = HomePage(self.driver)
        checkoutpage = homePage.shopItems()
        log.info("getting all the card titles")
        cards = checkoutpage.getCardTitles()
        i = -1
        for card in cards:
            i = i + 1
            cardText = card.text
            log.info(cardText)
            if cardText == "Blackberry":
                checkoutpage.getCardFooter()[i].click()
        self.driver.find_element(By.CSS_SELECTOR,"a[class*='btn-primary']").click()
        #self.driver.find_element_by_css_selector("a[class*='btn-primary']").click()
    
        confirmpage = checkoutpage.checkOutItems()
        log.info("Entering country name as ind")
        self.driver.find_element(By.ID,"country").send_keys("ind")
        # time.sleep(5)
        self.verifyLinkPresence("India")
    
        self.driver.find_element(By.LINK_TEXT,"India").click()
        self.driver.find_element(By.XPATH,"//div[@class='checkbox checkbox-primary']").click()
        self.driver.find_element(By.CSS_SELECTOR,"[type='submit']").click()
        textMatch = self.driver.find_element(By.CSS_SELECTOR,"[class*='alert-success']").text
        log.info("Text received from application is "+textMatch)
    
&gt;       assert ("Success! Thanks you!" in textMatch)
E       AssertionError: assert 'Success! Thanks you!' in '×\nSuccess! Thank you! Your order will be delivered in next few weeks :-).'

test_e2e.py:37: AssertionError</failure></testcase><testcase classname="test_homePage.TestHomePage" name="test_formSubmission[getData0]" time="9.453" /><testcase classname="test_homePage.TestHomePage" name="test_formSubmission[getData1]" time="3.363" /></testsuite></testsuites>